         0       30727  h
         1       29842  v
         2       28438  v
         3       30378  w
         4       28802  h
         5       28411  h
         6       31074  h
         7       31262  h
         8       30485  v
         9       30551  v
        10       30782  h
        11       27133  v
        12       30044  w
        13       28900  h
        14       30386  h
        15       31909  h
        16       32085  h
        17       29385  h
        18       30877  h
        19       27404  h
        20       30493  h
        21       32325  h
        22       30721  v
        23       30142  h
        24       27487  h
        25       28547  w
        26       31286  h
        27       27248  v
        28       28500  w
        29       30019  h
        30       30488  i
        31       29344  v
        32       33508  h
        33       32851  h
        34       28716  w
        35       28620  i
        36       28902  h
        37       30415  v
        38       30112  w
        39       31082  v
        40       30516  i
        41       26892  v
        42       31149  h
        43       29981  h
        44       31510  h
        45       27385  v
        46       26991  v
        47       30889  v
        48       30743  v
        49       30226  i
        50       28479  h
        51       30286  w
        52       31471  h
        53       29779  v
        54       31689  v
        55       26980  v
        56       28986  v
        57       28812  h
        58       31171  h
        59       28323  h
        60       28492  v
        61       27969  h
        62       29448  h
        63       27415  w
        64       29168  h
        65       27305  w
        66       30054  v
        67       27691  h
        68       28492  h
        69       31857  h
        70       30213  v
        71       30275  h
        72       29708  h
        73       29777  v
        74       30361  i
        75       29910  h
        76       28997  v
        77       29775  v
        78       31142  v
        79       30432  w
        80       29606  v
        81       30142  h
        82       30981  v
        83       29363  h
        84       27399  h
        85       30358  h
        86       29689  h
        87       28465  h
        88       31061  w
        89       27982  h
        90       28060  w
        91       32021  v
        92       27991  h
        93       28031  w
        94       29732  v
        95       29974  v
        96       26957  i
        97       29004  v
        98       28227  v
        99       29040  w
       100       29261  h
       101       29248  h
       102       29665  v
       103       30840  h
       104       30248  w
       105       30064  v
       106       28425  v
       107       28136  h
       108       28793  h
       109       31260  i
       110       28792  v
       111       27000  w
       112       29152  v
       113       29096  h
       114       30454  h
       115       29468  v
       116       34384  h
       117       27288  h
       118       28383  h
       119       30745  h
       120       29064  v
       121       30796  h
       122       31869  h
       123       35088  h
       124       29616  h
       125       29302  h
       126       27819  h
       127       29726  h
       128       29623  v
       129       32713  h
       130       29616  v
       131       34621  h
       132       30513  h
       133       29951  v
       134       31599  v
       135       31939  h
       136       31875  h
       137       32825  h
       138       30188  v
       139       30865  w
       140       32897  h
       141       28559  v
       142       27804  v
       143       30379  h
       144       31991  h
       145       27299  w
       146       29640  i
       147       29182  h
       148       30367  w
       149       29501  w
       150       30027  v
       151       29488  h
       152       30678  w
       153       32075  h
       154       29066  v
       155       29280  v
       156       29229  w
       157       29395  h
       158       28379  h
       159       29467  h
       160       27728  v
       161       32066  h
       162       28558  v
       163       29637  h
       164       30807  v
       165       30918  h
       166       29386  h
       167       30600  h
       168       30781  h
       169       29673  v
       170       28829  v
       171       31384  v
       172       28564  w
       173       26794  v
       174       29971  h
       175       26853  v
       176       30423  v
       177       29228  h
       178       29455  w
       179       29842  w
       180       30532  w
       181       28433  w
       182       30890  h
       183       28843  h
       184       30548  v
       185       29134  w
       186       28947  v
       187       30235  w
       188       30220  h
       189       30946  h
       190       29876  i
       191       30296  v
       192       29692  v
       193       31100  v
       194       28707  v
       195       29879  h
       196       30195  h
       197       27663  v
       198       30834  h
       199       28206  h
       200       32638  h
       201       29118  h
       202       27437  v
       203       30130  h
       204       32099  h
       205       31495  h
       206       28782  h
       207       30429  h
       208       28954  h
       209       30310  h
       210       29016  h
       211       30259  w
       212       30144  v
       213       32768  h
       214       30682  h
       215       27173  v
       216       29064  v
       217       30367  v
       218       29902  h
       219       28199  v
       220       28277  v
       221       28157  h
       222       30347  h
       223       28372  w
       224       30653  v
       225       29618  i
       226       30374  v
       227       27943  h
       228       30626  h
       229       28067  h
       230       30920  h
       231       29471  h
       232       28638  v
       233       30783  v
       234       31117  v
       235       29411  h
       236       28238  v
       237       28621  i
       238       33344  h
       239       31236  h
       240       31424  v
       241       30540  h
       242       28034  v
       243       29149  h
       244       30283  h
       245       30165  w
       246       29997  w
       247       30643  h
       248       27995  i
       249       32401  h
       250       26928  v
       251       29955  v
       252       30395  v
       253       27554  v
       254       29439  v
       255       29853  h
       256       29203  v
       257       28164  h
       258       30463  h
       259       29983  h
       260       28463  v
       261       35647  h
       262       29814  v
       263       28683  v
       264       30654  h
       265       30745  h
       266       28030  h
       267       28586  v
       268       30872  w
       269       27820  i
       270       28206  w
       271       30737  h
       272       29690  v
       273       35542  h
       274       28932  h
       275       31299  w
       276       30947  w
       277       33292  h
       278       29720  h
       279       30508  v
       280       31343  h
       281       29580  v
       282       30096  h
       283       28166  w
       284       29701  v
       285       28961  h
       286       31179  w
       287       31661  h
       288       30827  v
       289       28691  h
       290       27261  v
       291       28957  h
       292       28426  h
       293       28651  h
       294       27735  h
       295       31035  v
       296       29045  h
       297       29557  v
       298       29643  h
       299       33655  h
       300       28945  w
       301       29290  v
       302       28485  h
       303       29415  h
       304       29083  h
       305       29022  v
       306       31476  h
       307       27615  v
       308       31487  h
       309       27178  v
       310       28041  v
       311       28046  v
       312       28949  w
       313       28238  v
       314       28635  h
       315       28436  v
       316       27818  v
       317       29356  v
       318       31523  i
       319       31112  w
       320       32016  h
       321       27888  v
       322       28493  h
       323       29246  v
       324       28524  w
       325       30918  h
       326       29067  h
       327       28601  v
       328       29763  h
       329       32126  h
       330       30244  h
       331       28715  h
       332       29679  v
       333       30048  w
       334       30102  h
       335       29319  v
       336       29194  h
       337       31400  h
       338       34091  h
       339       31589  w
       340       28927  h
       341       30632  h
       342       28950  h
       343       33732  h
       344       29455  w
       345       29882  h
       346       28103  v
       347       31964  h
       348       33523  h
       349       31249  h
       350       27955  v
       351       29806  h
       352       29776  h
       353       28868  h
       354       27389  i
       355       28304  h
       356       30551  v
       357       33170  h
       358       31241  h
       359       30687  h
       360       30459  v
       361       29689  h
       362       28699  v
       363       27838  h
       364       29774  h
       365       29048  w
       366       28006  h
       367       28083  v
       368       28774  h
       369       28602  v
       370       28765  h
       371       27820  v
       372       28684  v
       373       28922  h
       374       29218  h
       375       28720  h
       376       29357  h
       377       28914  h
       378       29181  h
       379       28498  i
       380       29464  h
       381       30923  h
       382       27300  v
       383       31174  h
       384       29096  v
       385       28875  h
       386       29755  v
       387       28320  v
       388       30798  v
       389       27964  v
       390       30685  h
       391       30362  w
       392       30604  v
       393       28901  h
       394       29006  w
       395       28429  v
       396       30962  h
       397       31325  h
       398       30860  h
       399       30099  w
       400       30697  w
       401       29783  v
       402       30190  h
       403       29585  v
       404       29829  h
       405       31641  h
       406       28574  h
       407       30406  w
       408       28035  v
       409       29024  h
       410       28914  h
       411       30645  h
       412       29364  v
       413       28504  h
       414       29113  i
       415       30472  v
       416       28411  v
       417       27035  v
       418       29670  v
       419       28410  w
       420       29576  v
       421       28383  h
       422       30460  v
       423       30748  w
       424       32225  h
       425       28952  h
       426       31446  v
       427       31402  h
       428       29802  h
       429       31505  h
       430       29532  w
       431       27464  w
       432       27970  h
       433       27859  h
       434       26596  v
       435       27797  h
       436       28266  h
       437       31203  h
       438       30489  v
       439       26584  v
       440       29505  w
       441       29301  v
       442       28812  w
       443       29636  v
       444       28105  v
       445       28496  h
       446       28387  h
       447       27930  h
       448       31191  h
       449       30268  v
       450       28148  h
       451       29178  h
       452       27674  v
       453       30417  h
       454       28500  i
       455       27460  w
       456       30121  v
       457       26274  v
       458       31632  v
       459       28143  v
       460       30387  h
       461       28111  v
       462       28382  v
       463       29615  i
       464       30794  v
       465       31521  v
       466       32133  h
       467       32106  h
       468       30732  h
       469       26853  w
       470       27630  w
       471       31652  w
       472       29795  v
       473       27914  i
       474       31412  h
       475       28350  h
       476       30265  w
       477       29046  h
       478       28948  h
       479       35455  h
       480       28549  h
       481       30906  v
       482       28543  w
       483       28217  v
       484       30769  h
       485       27477  v
       486       30892  h
       487       28884  i
       488       30492  h
       489       30480  v
       490       29049  h
       491       29821  v
       492       29169  v
       493       27126  v
       494       28357  w
       495       30228  v
       496       28202  h
       497       28517  h
       498       30686  v
       499       31496  h
       500       30263  w
       501       28935  v
       502       27263  v
       503       28134  v
       504       30589  w
       505       28763  h
       506       29978  h
       507       30066  h
       508       30406  h
       509       30161  h
       510       30176  w
       511       27755  v
       512       30381  v
       513       28217  h
       514       31318  v
       515       30518  v
       516       31173  v
       517       30657  h
       518       28298  w
       519       27976  h
       520       30812  h
       521       34453  h
       522       28221  h
       523       30762  v
       524       28706  v
       525       29796  v
       526       30039  h
       527       27812  h
       528       31114  h
       529       29450  v
       530       32216  h
       531       31212  h
       532       30895  h
       533       30592  v
       534       30513  h
       535       35404  h
       536       30646  v
       537       31834  h
       538       29359  v
       539       30998  v
       540       29270  h
       541       30847  v
       542       28999  v
       543       31026  h
       544       29052  h
       545       31279  v
       546       28169  h
       547       28197  w
       548       27590  h
       549       32234  h
       550       29519  v
       551       26955  v
       552       26932  v
       553       31160  h
       554       31930  v
       555       30271  v
       556       30005  v
       557       26538  v
       558       28744  v
       559       29021  v
       560       29699  h
       561       32858  h
       562       30479  w
       563       28339  h
       564       30852  v
       565       29649  v
       566       28897  v
       567       28040  v
       568       29113  h
       569       31551  h
       570       28521  v
       571       30998  h
       572       28775  h
       573       30965  v
       574       30876  h
       575       27382  v
       576       31195  v
       577       30859  h
       578       29962  w
       579       31173  h
       580       28868  h
       581       28870  w
       582       27976  w
       583       31588  h
       584       28072  h
       585       31224  h
       586       29292  v
       587       27436  w
       588       29717  w
       589       28333  h
       590       27801  v
       591       29311  h
       592       27851  h
       593       29665  w
       594       29599  h
       595       30758  v
       596       29362  h
       597       31443  v
       598       29696  i
       599       29085  v
       600       29917  h
       601       28702  h
       602       31853  h
       603       29987  v
       604       30866  h
       605       28629  h
       606       28227  v
       607       30386  v
       608       28134  v
       609       28557  v
       610       32178  h
       611       28066  v
       612       29832  v
       613       33453  h
       614       33643  h
       615       30341  v
       616       29876  w
       617       28455  h
       618       30093  v
       619       31107  v
       620       29474  v
       621       31088  v
       622       28644  v
       623       28990  h
       624       31629  h
       625       26778  h
       626       28889  i
       627       28615  v
       628       31701  v
       629       29615  v
       630       29100  v
       631       30144  v
       632       28984  v
       633       30070  v
       634       30984  v
       635       29096  h
       636       28294  v
       637       31861  h
       638       27597  i
       639       31098  v
       640       29180  h
       641       30113  w
       642       31788  h
       643       30316  v
       644       28396  w
       645       31067  h
       646       28452  w
       647       30635  h
       648       27842  h
       649       28169  h
       650       30933  h
       651       31223  h
       652       30489  h
       653       28949  h
       654       31848  h
       655       28334  v
       656       30351  v
       657       28917  w
       658       29652  w
       659       31949  w
       660       28252  v
       661       30390  h
       662       31629  h
       663       31303  v
       664       28131  v
       665       28303  i
       666       30746  h
       667       27122  v
       668       29025  h
       669       27463  v
       670       28716  v
       671       32067  v
       672       30783  h
       673       31591  h
       674       31006  h
       675       28088  v
       676       29953  v
       677       28189  h
       678       32189  h
       679       27973  v
       680       30160  h
       681       30496  w
       682       26615  v
       683       29031  h
       684       31356  h
       685       28531  v
       686       27920  v
       687       28468  v
       688       28907  v
       689       31945  h
       690       30254  h
       691       29694  h
       692       30570  v
       693       30520  h
       694       32160  h
       695       26584  v
       696       27180  v
       697       28923  h
       698       29687  v
       699       28916  v
       700       30393  w
       701       29361  w
       702       28302  h
       703       31462  h
       704       30747  h
       705       29958  v
       706       28884  h
       707       29722  v
       708       28983  v
       709       27771  v
       710       30087  h
       711       29979  h
       712       31001  h
       713       27586  v
       714       30336  v
       715       30907  w
       716       30940  h
       717       28430  h
       718       36508  h
       719       31224  h
       720       29993  h
       721       28787  h
       722       31166  h
       723       30011  v
       724       30670  w
       725       32568  h
       726       27027  w
       727       30512  w
       728       28681  w
       729       31700  h
       730       32361  h
       731       30178  v
       732       29528  v
       733       28722  v
       734       27414  h
       735       31186  h
       736       28939  h
       737       28653  v
       738       31652  h
       739       30367  w
       740       27800  h
       741       33752  h
       742       28527  v
       743       29901  v
       744       28764  v
       745       30550  h
       746       29615  w
       747       29921  h
       748       29172  v
       749       29851  w
       750       29764  h
       751       29013  v
       752       29402  w
       753       29789  v
       754       29427  v
       755       30157  h
       756       32423  h
       757       26797  w
       758       32022  h
       759       30937  v
       760       31600  v
       761       29817  w
       762       28920  w
       763       30620  v
       764       30856  i
       765       28100  h
       766       29399  h
       767       29612  v
       768       27812  h
       769       29967  v
       770       31876  h
       771       27133  v
       772       28575  h
       773       31323  h
       774       29430  h
       775       29317  w
       776       29278  h
       777       28603  v
       778       28290  h
       779       30193  v
       780       29590  v
       781       29245  v
       782       28152  h
       783       29184  h
       784       30531  v
       785       29580  h
       786       28431  h
       787       30229  v
       788       29056  i
       789       30820  v
       790       28795  v
       791       32026  h
       792       28106  w
       793       29880  v
       794       29357  h
       795       29435  v
       796       29725  v
       797       31298  h
       798       27737  w
       799       27942  h
       800       29529  w
       801       28019  v
       802       30300  v
       803       31319  h
       804       29212  v
       805       29578  h
       806       35933  h
       807       30371  h
       808       26621  w
       809       29315  w
       810       30015  v
       811       28013  w
       812       34153  h
       813       30674  w
       814       30545  v
       815       29886  h
       816       28388  h
       817       27722  w
       818       28478  v
       819       28653  v
       820       30466  v
       821       30361  h
       822       31255  v
       823       30122  v
       824       30905  v
       825       27058  v
       826       27253  v
       827       29910  v
       828       29983  h
       829       32136  h
       830       28725  v
       831       29132  v
       832       27620  h
       833       30308  h
       834       30970  v
       835       29641  v
       836       31074  v
       837       27318  v
       838       34692  h
       839       29502  h
       840       28427  h
       841       29069  v
       842       27855  v
       843       28614  v
       844       30245  h
       845       27951  v
       846       27958  v
       847       31990  h
       848       30575  v
       849       31436  w
       850       30033  h
       851       26976  w
       852       30203  v
       853       30529  v
       854       27951  v
       855       28446  v
       856       27997  v
       857       28042  h
       858       28163  w
       859       30491  w
       860       31012  v
       861       28700  h
       862       31421  h
       863       27938  v
       864       31010  v
       865       27677  w
       866       27696  v
       867       30644  h
       868       31017  h
       869       31503  h
       870       31417  h
       871       29312  v
       872       28662  v
       873       30048  h
       874       27704  v
       875       32029  h
       876       28606  i
       877       30078  w
       878       32807  h
       879       30726  h
       880       27507  h
       881       28842  v
       882       30735  h
       883       32184  h
       884       27907  h
       885       30115  h
       886       30789  h
       887       30326  h
       888       30909  h
       889       28446  w
       890       28881  w
       891       31581  v
       892       27559  v
       893       30940  v
       894       30470  h
       895       31317  h
       896       31276  v
       897       27240  w
       898       28056  v
       899       27951  h
       900       28928  h
       901       29865  w
       902       28091  v
       903       33925  h
       904       31570  h
       905       31343  v
       906       30614  v
       907       29420  v
       908       30734  h
       909       29448  v
       910       28683  h
       911       27875  w
       912       27043  i
       913       30018  v
       914       33893  h
       915       27309  v
       916       30825  h
       917       27702  v
       918       31089  w
       919       29715  w
       920       28979  v
       921       30674  h
       922       27463  h
       923       28579  v
       924       27186  v
       925       30879  h
       926       29597  v
       927       31705  h
       928       31672  h
       929       26662  w
       930       31875  i
       931       28215  w
       932       31953  h
       933       30596  v
       934       29631  v
       935       27770  h
       936       30209  w
       937       28556  v
       938       27629  w
       939       28090  h
       940       29725  h
       941       29616  v
       942       28343  v
       943       28844  v
       944       32194  h
       945       30868  v
       946       31134  h
       947       27258  v
       948       33498  h
       949       30786  h
       950       29188  h
       951       29832  v
       952       30757  h
       953       29456  h
       954       31153  h
       955       29562  v
       956       28271  w
       957       29561  v
       958       28769  w
       959       30108  v
       960       30405  v
       961       27889  v
       962       29594  h
       963       28977  v
       964       27238  v
       965       29479  v
       966       28130  h
       967       29245  h
       968       30194  v
       969       29863  h
       970       28820  w
       971       30397  w
       972       28880  h
       973       26760  w
       974       30512  h
       975       30182  h
       976       30629  v
       977       29035  w
       978       28897  v
       979       29880  v
       980       33051  h
       981       29507  v
       982       31090  w
       983       28761  v
       984       28398  h
       985       32806  h
       986       29199  h
       987       29175  v
       988       28688  v
       989       31008  h
       990       29115  h
       991       27420  v
       992       29522  h
       993       30874  v
       994       30514  h
       995       30499  v
       996       27971  v
       997       29799  v
       998       27981  h
       999       31241  w
      1000       32263  h
      1001       31012  h
      1002       31087  h
      1003       27476  h
      1004       28474  v
      1005       27370  h
      1006       30161  h
      1007       28244  v
      1008       26859  w
      1009       30395  h
      1010       33794  h
      1011       31815  h
      1012       31204  h
      1013       27986  h
      1014       27516  h
      1015       29910  v
      1016       28103  w
      1017       31874  h
      1018       31604  h
      1019       26671  v
      1020       29981  h
      1021       27362  h
      1022       31614  h
      1023       28026  h
      1024       30662  h
      1025       30011  h
      1026       30845  h
      1027       30076  v
      1028       30381  h
      1029       31493  h
      1030       31252  h
      1031       30911  h
      1032       28796  v
      1033       30645  v
      1034       29937  v
      1035       28148  w
      1036       31030  h
      1037       29887  h
      1038       30177  v
      1039       27985  v
      1040       31261  h
      1041       27439  v
      1042       30354  h
      1043       30210  h
      1044       31007  w
      1045       28369  h
      1046       32083  h
      1047       27000  v
      1048       29071  v
      1049       29076  h
      1050       31944  h
      1051       31339  v
      1052       28049  h
      1053       31265  i
      1054       28386  v
      1055       28643  h
      1056       30810  h
      1057       32869  h
      1058       30536  w
      1059       29679  v
      1060       36114  h
      1061       29069  v
      1062       30513  h
      1063       30530  v
      1064       31487  h
      1065       30296  h
      1066       27434  h
      1067       28824  h
      1068       27953  v
      1069       31539  h
      1070       28603  v
      1071       31263  h
      1072       34529  h
      1073       30921  v
      1074       30976  h
      1075       28987  w
      1076       29544  v
      1077       31842  h
      1078       29507  v
      1079       28861  h
      1080       28912  h
      1081       30252  v
      1082       29399  v
      1083       27668  h
      1084       28694  v
      1085       30374  v
      1086       26753  w
      1087       27493  w
      1088       27659  h
      1089       27984  w
      1090       26809  v
      1091       29659  h
      1092       30126  v
      1093       29607  v
      1094       34402  h
      1095       30153  h
      1096       28980  v
      1097       29466  h
      1098       29667  h
      1099       28998  h
      1100       29849  i
      1101       28725  w
      1102       29762  h
      1103       29133  h
      1104       29933  w
      1105       31654  h
      1106       28075  h
      1107       31486  h
      1108       30812  h
      1109       28122  w
      1110       28381  v
      1111       30783  h
      1112       27146  h
      1113       32769  h
      1114       29974  h
      1115       27624  h
      1116       28427  v
      1117       28383  v
      1118       28161  w
      1119       27043  w
      1120       32264  h
      1121       32591  h
      1122       27537  h
      1123       29577  h
      1124       28751  h
      1125       29676  v
      1126       31449  h
      1127       27382  v
      1128       28687  w
      1129       27662  v
      1130       30657  v
      1131       30396  h
      1132       28071  v
      1133       32020  h
      1134       27243  v
      1135       28959  h
      1136       31180  v
      1137       31395  v
      1138       30688  h
      1139       28695  h
      1140       36035  h
      1141       31017  v
      1142       28971  h
      1143       26785  v
      1144       29872  h
      1145       33674  h
      1146       30872  v
      1147       30034  h
      1148       30323  h
      1149       29011  h
      1150       30379  v
      1151       32433  h
      1152       29285  w
      1153       27328  v
      1154       27010  v
      1155       27814  v
      1156       28583  h
      1157       29447  i
      1158       30221  v
      1159       28735  v
      1160       30669  h
      1161       31692  h
      1162       29576  v
      1163       27725  v
      1164       27651  v
      1165       31267  h
      1166       30324  h
      1167       27944  h
      1168       30419  v
      1169       28483  i
      1170       29246  h
      1171       27032  v
      1172       29112  v
      1173       27970  w
      1174       28897  i
      1175       31291  h
      1176       30531  h
      1177       29578  v
      1178       30565  h
      1179       30864  w
      1180       27576  w
      1181       29583  h
      1182       29142  v
      1183       29064  v
      1184       32876  h
      1185       29118  v
      1186       28253  h
      1187       30763  h
      1188       30835  v
      1189       28370  h
      1190       30928  h
      1191       29798  h
      1192       29127  h
      1193       28422  h
      1194       33067  h
      1195       28889  i
      1196       31487  v
      1197       31686  h
      1198       30336  v
      1199       30065  v
      1200       32557  h
      1201       29423  h
      1202       27990  h
      1203       28290  h
      1204       29736  v
      1205       32153  h
      1206       30740  v
      1207       28230  v
      1208       28638  h
      1209       29803  h
      1210       28309  w
      1211       34033  h
      1212       30857  v
      1213       29726  v
      1214       31544  w
      1215       28387  v
      1216       29523  v
      1217       27306  w
      1218       28558  v
      1219       27402  h
      1220       29181  v
      1221       29106  h
      1222       27644  v
      1223       30579  h
      1224       29817  v
      1225       27626  v
      1226       28151  w
      1227       30769  v
      1228       30203  h
      1229       27494  v
      1230       29966  v
      1231       27310  v
      1232       28654  v
      1233       30329  v
      1234       29754  v
      1235       31241  v
      1236       27711  v
      1237       29642  h
      1238       29155  h
      1239       30253  h
      1240       29718  h
      1241       27020  v
      1242       29200  h
      1243       27630  v
      1244       29749  h
      1245       30159  h
      1246       30429  v
      1247       29454  h
      1248       30263  v
      1249       27753  w
      1250       28322  i
      1251       28719  h
      1252       29194  w
      1253       31558  h
      1254       31846  h
      1255       29920  h
      1256       29100  v
      1257       31695  h
      1258       28671  v
      1259       32287  h
      1260       29101  h
      1261       35715  h
      1262       29562  v
      1263       30798  h
      1264       28412  w
      1265       27329  w
      1266       31243  v
      1267       31594  h
      1268       28150  h
      1269       28189  v
      1270       28752  v
      1271       29830  v
      1272       30574  h
      1273       31142  w
      1274       28292  w
      1275       30495  w
      1276       30937  h
      1277       29885  v
      1278       28581  v
      1279       29056  v
      1280       28026  v
      1281       28025  h
      1282       30142  h
      1283       28843  h
      1284       29489  h
      1285       29213  v
      1286       28173  w
      1287       31570  h
      1288       30435  v
      1289       31316  h
      1290       29822  v
      1291       28178  v
      1292       28676  v
      1293       28327  h
      1294       29607  h
      1295       28266  h
      1296       29788  v
      1297       28552  i
      1298       29282  h
      1299       30710  w
      1300       29634  v
      1301       30600  v
      1302       32871  h
      1303       29627  h
      1304       27983  h
      1305       30053  h
      1306       29589  w
      1307       30189  h
      1308       33940  h
      1309       30798  h
      1310       30284  h
      1311       29271  h
      1312       30818  w
      1313       29159  v
      1314       28656  v
      1315       30103  v
      1316       29886  w
      1317       30959  h
      1318       30565  h
      1319       29738  h
      1320       27139  w
      1321       30944  h
      1322       28609  v
      1323       30713  v
      1324       36993  h
      1325       26581  h
      1326       29411  i
      1327       27638  h
      1328       31015  h
      1329       30188  v
      1330       32052  h
      1331       31573  h
      1332       28795  w
      1333       28170  v
      1334       30522  v
      1335       28235  h
      1336       31326  h
      1337       28579  v
      1338       29036  h
      1339       30001  w
      1340       31116  v
      1341       30958  v
      1342       30415  w
      1343       28395  h
      1344       28021  h
      1345       31736  v
      1346       30067  v
      1347       27960  h
      1348       27067  i
      1349       29579  h
      1350       26988  v
      1351       29521  h
      1352       28926  v
      1353       30637  w
      1354       30895  h
      1355       28695  v
      1356       28674  v
      1357       28711  v
      1358       30507  h
      1359       30073  v
      1360       31193  v
      1361       31481  v
      1362       29461  v
      1363       36705  h
      1364       30832  v
      1365       31418  h
      1366       29018  v
      1367       29664  h
      1368       30401  h
      1369       29570  v
      1370       35057  h
      1371       29985  h
      1372       27911  v
      1373       29469  h
      1374       31150  h
      1375       28783  h
      1376       30471  w
      1377       30772  h
      1378       28476  w
      1379       30194  v
      1380       28220  h
      1381       30765  h
      1382       29587  v
      1383       32830  h
      1384       32619  h
      1385       30077  h
      1386       26922  v
      1387       30783  h
      1388       26997  i
      1389       30778  w
      1390       31830  h
      1391       29458  h
      1392       29996  v
      1393       28889  v
      1394       29210  h
      1395       27705  v
      1396       27281  w
      1397       26780  v
      1398       31515  h
      1399       30341  h
      1400       30342  v
      1401       30055  v
      1402       30701  w
      1403       30130  h
      1404       28856  h
      1405       30378  h
      1406       29840  w
      1407       27220  v
      1408       31620  h
      1409       29911  v
      1410       37961  h
      1411       29441  w
      1412       28903  h
      1413       28312  h
      1414       31961  h
      1415       31118  v
      1416       29636  v
      1417       28612  h
      1418       30186  v
      1419       35619  h
      1420       27740  h
      1421       28707  v
      1422       29605  w
      1423       33466  h
      1424       29450  h
      1425       32038  h
      1426       30618  h
      1427       29302  h
      1428       29014  v
      1429       28242  w
      1430       28395  h
      1431       27686  v
      1432       30128  h
      1433       31255  h
      1434       30148  h
      1435       27757  v
      1436       30008  h
      1437       30290  w
      1438       27166  v
      1439       29998  v
      1440       30830  v
      1441       29852  h
      1442       30879  v
      1443       28007  v
      1444       31152  h
      1445       28483  h
      1446       30110  v
      1447       31587  v
      1448       27565  v
      1449       28047  h
      1450       28141  h
      1451       27419  h
      1452       32126  h
      1453       28050  h
      1454       31303  h
      1455       27791  h
      1456       27267  h
      1457       32017  h
      1458       30636  h
      1459       28084  w
      1460       29791  v
      1461       30041  h
      1462       28627  h
      1463       28395  v
      1464       28041  v
      1465       29836  h
      1466       33739  h
      1467       29581  h
      1468       27782  w
      1469       32630  h
      1470       30003  h
      1471       29212  h
      1472       32852  h
      1473       31050  w
      1474       29697  w
      1475       29055  v
      1476       28015  v
      1477       30229  v
      1478       29151  h
      1479       28610  h
      1480       30076  h
      1481       27513  v
      1482       30703  h
      1483       29362  w
      1484       29574  w
      1485       28976  h
      1486       30012  v
      1487       29516  w
      1488       28439  v
      1489       28983  v
      1490       31257  v
      1491       33671  h
      1492       29378  v
      1493       29449  v
      1494       30936  v
      1495       28919  i
      1496       27636  v
      1497       30981  h
      1498       29768  w
      1499       26552  w
      1500       30015  h
      1501       27311  v
      1502       30854  h
      1503       28819  w
      1504       26715  w
      1505       30210  v
      1506       30039  v
      1507       31421  h
      1508       27965  v
      1509       30158  v
      1510       30225  h
      1511       29914  v
      1512       31743  v
      1513       28614  w
      1514       27199  w
      1515       27294  i
      1516       30171  v
      1517       31011  h
      1518       28756  h
      1519       29027  w
      1520       29757  v
      1521       28758  h
      1522       31527  h
      1523       32565  h
      1524       28148  v
      1525       28790  i
      1526       27012  v
      1527       30359  v
      1528       33121  h
      1529       28010  i
      1530       33312  h
      1531       30620  v
      1532       28433  v
      1533       29939  h
      1534       28730  h
      1535       28336  w
      1536       29261  v
      1537       31017  h
      1538       31782  h
      1539       28204  h
      1540       29985  h
      1541       29088  v
      1542       38092  h
      1543       30284  h
      1544       30166  h
      1545       26802  w
      1546       32880  h
      1547       30277  i
      1548       31324  h
      1549       30000  v
      1550       30248  h
      1551       30601  h
      1552       26617  v
      1553       31103  v
      1554       30722  v
      1555       30342  w
      1556       29837  h
      1557       29674  v
      1558       28443  v
      1559       31145  v
      1560       29622  v
      1561       30325  h
      1562       29321  h
      1563       30839  w
      1564       28268  v
      1565       31050  v
      1566       35180  h
      1567       29920  h
      1568       31706  v
      1569       31303  h
      1570       27852  v
      1571       30140  v
      1572       29249  h
      1573       29467  v
      1574       30299  w
      1575       28808  v
      1576       27249  w
      1577       31302  h
      1578       28793  h
      1579       30501  h
      1580       30614  h
      1581       29011  h
      1582       29759  w
      1583       27027  v
      1584       28521  h
      1585       30544  v
      1586       29268  h
      1587       28966  h
      1588       28425  v
      1589       29670  h
      1590       28704  i
      1591       27698  v
      1592       29686  i
      1593       27733  v
      1594       30427  v
      1595       31611  h
      1596       28845  v
      1597       29757  v
      1598       30102  v
      1599       28230  h
      1600       29230  h
      1601       29590  h
      1602       27970  w
      1603       26650  v
      1604       34607  h
      1605       29591  v
      1606       27205  v
      1607       30028  w
      1608       27822  v
      1609       29421  h
      1610       30590  h
      1611       28816  v
      1612       28734  w
      1613       28927  v
      1614       30066  h
      1615       29443  w
      1616       28879  v
      1617       27896  v
      1618       29177  v
      1619       28928  h
      1620       30320  h
      1621       30630  h
      1622       30974  v
      1623       31252  v
      1624       30120  v
      1625       27617  v
      1626       28860  h
      1627       29687  h
      1628       29570  v
      1629       29119  v
      1630       27383  v
      1631       30042  v
      1632       30102  w
      1633       29622  v
      1634       27138  v
      1635       31545  h
      1636       32085  h
      1637       31652  h
      1638       27582  v
      1639       30117  h
      1640       27582  v
      1641       30295  h
      1642       27937  h
      1643       29006  h
      1644       30109  h
      1645       30589  v
      1646       29026  h
      1647       31215  h
      1648       28124  v
      1649       31172  h
      1650       27298  h
      1651       30016  v
      1652       36949  h
      1653       30867  h
      1654       28200  h
      1655       30100  v
      1656       27362  w
      1657       28887  h
      1658       31388  h
      1659       27632  h
      1660       30706  h
      1661       31054  h
      1662       30127  h
      1663       28137  h
      1664       34149  h
      1665       28888  v
      1666       27623  w
      1667       29367  i
      1668       29356  w
      1669       36646  h
      1670       31680  h
      1671       28952  h
      1672       31240  h
      1673       29394  v
      1674       30527  h
      1675       28433  v
      1676       28582  h
      1677       30896  v
      1678       31902  h
      1679       33101  h
      1680       28739  h
      1681       28582  w
      1682       29320  w
      1683       30079  h
      1684       28761  h
      1685       30166  h
      1686       31407  h
      1687       31470  h
      1688       28821  h
      1689       31406  h
      1690       30283  h
      1691       31248  h
      1692       27302  v
      1693       29830  h
      1694       31475  h
      1695       31263  h
      1696       27991  w
      1697       30561  h
      1698       30426  h
      1699       28277  i
      1700       28736  h
      1701       30254  v
      1702       30363  h
      1703       29752  v
      1704       28627  v
      1705       28682  h
      1706       30796  h
      1707       28299  v
      1708       31014  i
      1709       32107  h
      1710       30130  h
      1711       29691  v
      1712       29753  v
      1713       28730  h
      1714       29604  h
      1715       31839  h
      1716       27271  w
      1717       28019  v
      1718       29078  h
      1719       30655  v
      1720       28828  h
      1721       29205  v
      1722       30397  v
      1723       29895  v
      1724       27737  v
      1725       27167  h
      1726       30138  h
      1727       31994  h
      1728       33367  h
      1729       28077  v
      1730       28364  w
      1731       28659  v
      1732       29664  h
      1733       30389  h
      1734       30020  v
      1735       29067  h
      1736       30638  v
      1737       29053  w
      1738       31069  h
      1739       29766  w
      1740       31863  h
      1741       27986  h
      1742       28540  w
      1743       34773  h
      1744       31127  v
      1745       30218  v
      1746       30480  h
      1747       29658  h
      1748       28395  h
      1749       27927  v
      1750       32377  h
      1751       30184  v
      1752       30395  h
      1753       29322  h
      1754       28842  h
      1755       32592  h
      1756       30527  h
      1757       30964  h
      1758       33523  h
      1759       30296  h
      1760       31715  h
      1761       30039  h
      1762       27635  i
      1763       30728  w
      1764       27090  v
      1765       29490  v
      1766       32120  h
      1767       31533  h
      1768       28650  v
      1769       28717  h
      1770       34006  h
      1771       29451  h
      1772       27831  h
      1773       30179  v
      1774       28558  h
      1775       29156  v
